2017-03-01 15:50:19.527 [main] DEBUG org.apache.http.client.protocol.RequestAddCookies - CookieSpec selected: default
2017-03-01 15:50:19.546 [main] DEBUG org.apache.http.client.protocol.RequestAuthCache - Auth cache not set in the context
2017-03-01 15:50:19.549 [main] DEBUG org.apache.http.impl.conn.PoolingHttpClientConnectionManager - Connection request: [route: {s}->https://maps.googleapis.com:443][total kept alive: 0; route allocated: 0 of 2; total allocated: 0 of 20]
2017-03-01 15:50:19.587 [main] DEBUG org.apache.http.impl.conn.PoolingHttpClientConnectionManager - Connection leased: [id: 0][route: {s}->https://maps.googleapis.com:443][total kept alive: 0; route allocated: 1 of 2; total allocated: 1 of 20]
2017-03-01 15:50:19.592 [main] DEBUG org.apache.http.impl.execchain.MainClientExec - Opening connection {s}->https://maps.googleapis.com:443
2017-03-01 15:50:19.601 [main] DEBUG org.apache.http.impl.conn.DefaultHttpClientConnectionOperator - Connecting to maps.googleapis.com/172.217.6.74:443
2017-03-01 15:50:19.601 [main] DEBUG org.apache.http.conn.ssl.SSLConnectionSocketFactory - Connecting socket to maps.googleapis.com/172.217.6.74:443 with timeout 0
2017-03-01 15:50:19.688 [main] DEBUG org.apache.http.conn.ssl.SSLConnectionSocketFactory - Enabled protocols: [TLSv1, TLSv1.1, TLSv1.2]
2017-03-01 15:50:19.688 [main] DEBUG org.apache.http.conn.ssl.SSLConnectionSocketFactory - Enabled cipher suites:[TLS_ECDHE_ECDSA_WITH_AES_128_CBC_SHA256, TLS_ECDHE_RSA_WITH_AES_128_CBC_SHA256, TLS_RSA_WITH_AES_128_CBC_SHA256, TLS_ECDH_ECDSA_WITH_AES_128_CBC_SHA256, TLS_ECDH_RSA_WITH_AES_128_CBC_SHA256, TLS_DHE_RSA_WITH_AES_128_CBC_SHA256, TLS_DHE_DSS_WITH_AES_128_CBC_SHA256, TLS_ECDHE_ECDSA_WITH_AES_128_CBC_SHA, TLS_ECDHE_RSA_WITH_AES_128_CBC_SHA, TLS_RSA_WITH_AES_128_CBC_SHA, TLS_ECDH_ECDSA_WITH_AES_128_CBC_SHA, TLS_ECDH_RSA_WITH_AES_128_CBC_SHA, TLS_DHE_RSA_WITH_AES_128_CBC_SHA, TLS_DHE_DSS_WITH_AES_128_CBC_SHA, TLS_ECDHE_ECDSA_WITH_AES_128_GCM_SHA256, TLS_ECDHE_RSA_WITH_AES_128_GCM_SHA256, TLS_RSA_WITH_AES_128_GCM_SHA256, TLS_ECDH_ECDSA_WITH_AES_128_GCM_SHA256, TLS_ECDH_RSA_WITH_AES_128_GCM_SHA256, TLS_DHE_RSA_WITH_AES_128_GCM_SHA256, TLS_DHE_DSS_WITH_AES_128_GCM_SHA256, TLS_ECDHE_ECDSA_WITH_3DES_EDE_CBC_SHA, TLS_ECDHE_RSA_WITH_3DES_EDE_CBC_SHA, SSL_RSA_WITH_3DES_EDE_CBC_SHA, TLS_ECDH_ECDSA_WITH_3DES_EDE_CBC_SHA, TLS_ECDH_RSA_WITH_3DES_EDE_CBC_SHA, SSL_DHE_RSA_WITH_3DES_EDE_CBC_SHA, SSL_DHE_DSS_WITH_3DES_EDE_CBC_SHA, TLS_EMPTY_RENEGOTIATION_INFO_SCSV]
2017-03-01 15:50:19.688 [main] DEBUG org.apache.http.conn.ssl.SSLConnectionSocketFactory - Starting handshake
2017-03-01 15:50:19.905 [main] DEBUG org.apache.http.conn.ssl.SSLConnectionSocketFactory - Secure session established
2017-03-01 15:50:19.905 [main] DEBUG org.apache.http.conn.ssl.SSLConnectionSocketFactory -  negotiated protocol: TLSv1.2
2017-03-01 15:50:19.905 [main] DEBUG org.apache.http.conn.ssl.SSLConnectionSocketFactory -  negotiated cipher suite: TLS_ECDHE_RSA_WITH_AES_128_GCM_SHA256
2017-03-01 15:50:19.905 [main] DEBUG org.apache.http.conn.ssl.SSLConnectionSocketFactory -  peer principal: CN=*.googleapis.com, O=Google Inc, L=Mountain View, ST=California, C=US
2017-03-01 15:50:19.905 [main] DEBUG org.apache.http.conn.ssl.SSLConnectionSocketFactory -  peer alternative names: [*.googleapis.com, *.clients6.google.com, *.cloudendpointsapis.com, cloudendpointsapis.com, googleapis.com]
2017-03-01 15:50:19.911 [main] DEBUG org.apache.http.conn.ssl.SSLConnectionSocketFactory -  issuer principal: CN=Google Internet Authority G2, O=Google Inc, C=US
2017-03-01 15:50:19.917 [main] DEBUG org.apache.http.impl.conn.DefaultHttpClientConnectionOperator - Connection established 10.16.6.75:55576<->172.217.6.74:443
2017-03-01 15:50:19.918 [main] DEBUG org.apache.http.impl.execchain.MainClientExec - Executing request GET /maps/api/geocode/json?address=2485+Natomas+Park+Drive,+Sacramento,+CA&key=null HTTP/1.1
2017-03-01 15:50:19.918 [main] DEBUG org.apache.http.impl.execchain.MainClientExec - Target auth state: UNCHALLENGED
2017-03-01 15:50:19.919 [main] DEBUG org.apache.http.impl.execchain.MainClientExec - Proxy auth state: UNCHALLENGED
2017-03-01 15:50:19.923 [main] DEBUG org.apache.http.headers - http-outgoing-0 >> GET /maps/api/geocode/json?address=2485+Natomas+Park+Drive,+Sacramento,+CA&key=null HTTP/1.1
2017-03-01 15:50:19.924 [main] DEBUG org.apache.http.headers - http-outgoing-0 >> Host: maps.googleapis.com
2017-03-01 15:50:19.924 [main] DEBUG org.apache.http.headers - http-outgoing-0 >> Connection: Keep-Alive
2017-03-01 15:50:19.924 [main] DEBUG org.apache.http.headers - http-outgoing-0 >> User-Agent: Apache-HttpClient/4.5.2 (Java/1.8.0_121)
2017-03-01 15:50:19.925 [main] DEBUG org.apache.http.headers - http-outgoing-0 >> Accept-Encoding: gzip,deflate
2017-03-01 15:50:19.925 [main] DEBUG org.apache.http.wire - http-outgoing-0 >> "GET /maps/api/geocode/json?address=2485+Natomas+Park+Drive,+Sacramento,+CA&key=null HTTP/1.1[\r][\n]"
2017-03-01 15:50:19.925 [main] DEBUG org.apache.http.wire - http-outgoing-0 >> "Host: maps.googleapis.com[\r][\n]"
2017-03-01 15:50:19.925 [main] DEBUG org.apache.http.wire - http-outgoing-0 >> "Connection: Keep-Alive[\r][\n]"
2017-03-01 15:50:19.926 [main] DEBUG org.apache.http.wire - http-outgoing-0 >> "User-Agent: Apache-HttpClient/4.5.2 (Java/1.8.0_121)[\r][\n]"
2017-03-01 15:50:19.926 [main] DEBUG org.apache.http.wire - http-outgoing-0 >> "Accept-Encoding: gzip,deflate[\r][\n]"
2017-03-01 15:50:19.926 [main] DEBUG org.apache.http.wire - http-outgoing-0 >> "[\r][\n]"
2017-03-01 15:50:19.983 [main] DEBUG org.apache.http.wire - http-outgoing-0 << "HTTP/1.1 200 OK[\r][\n]"
2017-03-01 15:50:19.983 [main] DEBUG org.apache.http.wire - http-outgoing-0 << "Content-Type: application/json; charset=UTF-8[\r][\n]"
2017-03-01 15:50:19.983 [main] DEBUG org.apache.http.wire - http-outgoing-0 << "Date: Wed, 01 Mar 2017 23:54:28 GMT[\r][\n]"
2017-03-01 15:50:19.984 [main] DEBUG org.apache.http.wire - http-outgoing-0 << "Pragma: no-cache[\r][\n]"
2017-03-01 15:50:19.984 [main] DEBUG org.apache.http.wire - http-outgoing-0 << "Expires: Fri, 01 Jan 1990 00:00:00 GMT[\r][\n]"
2017-03-01 15:50:19.984 [main] DEBUG org.apache.http.wire - http-outgoing-0 << "Cache-Control: no-cache, must-revalidate[\r][\n]"
2017-03-01 15:50:19.984 [main] DEBUG org.apache.http.wire - http-outgoing-0 << "Vary: Accept-Language[\r][\n]"
2017-03-01 15:50:19.985 [main] DEBUG org.apache.http.wire - http-outgoing-0 << "Access-Control-Allow-Origin: *[\r][\n]"
2017-03-01 15:50:19.985 [main] DEBUG org.apache.http.wire - http-outgoing-0 << "Content-Encoding: gzip[\r][\n]"
2017-03-01 15:50:19.985 [main] DEBUG org.apache.http.wire - http-outgoing-0 << "Server: mafe[\r][\n]"
2017-03-01 15:50:19.985 [main] DEBUG org.apache.http.wire - http-outgoing-0 << "X-XSS-Protection: 1; mode=block[\r][\n]"
2017-03-01 15:50:19.985 [main] DEBUG org.apache.http.wire - http-outgoing-0 << "X-Frame-Options: SAMEORIGIN[\r][\n]"
2017-03-01 15:50:19.986 [main] DEBUG org.apache.http.wire - http-outgoing-0 << "Alt-Svc: quic=":443"; ma=2592000; v="36,35,34"[\r][\n]"
2017-03-01 15:50:19.986 [main] DEBUG org.apache.http.wire - http-outgoing-0 << "Transfer-Encoding: chunked[\r][\n]"
2017-03-01 15:50:19.986 [main] DEBUG org.apache.http.wire - http-outgoing-0 << "[\r][\n]"
2017-03-01 15:50:19.986 [main] DEBUG org.apache.http.wire - http-outgoing-0 << "00000001[\r][\n]"
2017-03-01 15:50:19.986 [main] DEBUG org.apache.http.wire - http-outgoing-0 << "[0x1f][\r][\n]"
2017-03-01 15:50:19.987 [main] DEBUG org.apache.http.wire - http-outgoing-0 << "00000001[\r][\n]"
2017-03-01 15:50:19.987 [main] DEBUG org.apache.http.wire - http-outgoing-0 << "[0x8b][\r][\n]"
2017-03-01 15:50:19.987 [main] DEBUG org.apache.http.wire - http-outgoing-0 << "00000001[\r][\n]"
2017-03-01 15:50:19.987 [main] DEBUG org.apache.http.wire - http-outgoing-0 << "[0x8][\r][\n]"
2017-03-01 15:50:19.987 [main] DEBUG org.apache.http.wire - http-outgoing-0 << "00000001[\r][\n]"
2017-03-01 15:50:19.987 [main] DEBUG org.apache.http.wire - http-outgoing-0 << "[0x0][\r][\n]"
2017-03-01 15:50:19.988 [main] DEBUG org.apache.http.wire - http-outgoing-0 << "00000001[\r][\n]"
2017-03-01 15:50:19.988 [main] DEBUG org.apache.http.wire - http-outgoing-0 << "[0x0][\r][\n]"
2017-03-01 15:50:19.988 [main] DEBUG org.apache.http.wire - http-outgoing-0 << "00000001[\r][\n]"
2017-03-01 15:50:19.989 [main] DEBUG org.apache.http.wire - http-outgoing-0 << "[0x0][\r][\n]"
2017-03-01 15:50:19.989 [main] DEBUG org.apache.http.wire - http-outgoing-0 << "00000001[\r][\n]"
2017-03-01 15:50:19.989 [main] DEBUG org.apache.http.wire - http-outgoing-0 << "[0x0][\r][\n]"
2017-03-01 15:50:19.991 [main] DEBUG org.apache.http.wire - http-outgoing-0 << "00000001[\r][\n]"
2017-03-01 15:50:19.992 [main] DEBUG org.apache.http.wire - http-outgoing-0 << "[0x0][\r][\n]"
2017-03-01 15:50:19.992 [main] DEBUG org.apache.http.wire - http-outgoing-0 << "00000001[\r][\n]"
2017-03-01 15:50:19.992 [main] DEBUG org.apache.http.wire - http-outgoing-0 << "[0x2][\r][\n]"
2017-03-01 15:50:19.992 [main] DEBUG org.apache.http.wire - http-outgoing-0 << "00000001[\r][\n]"
2017-03-01 15:50:19.992 [main] DEBUG org.apache.http.wire - http-outgoing-0 << "[0xff][\r][\n]"
2017-03-01 15:50:19.993 [main] DEBUG org.apache.http.wire - http-outgoing-0 << "00000001[\r][\n]"
2017-03-01 15:50:19.993 [main] DEBUG org.apache.http.wire - http-outgoing-0 << "[0xab][\r][\n]"
2017-03-01 15:50:19.993 [main] DEBUG org.apache.http.wire - http-outgoing-0 << "00000001[\r][\n]"
2017-03-01 15:50:19.993 [main] DEBUG org.apache.http.wire - http-outgoing-0 << "[0xe6][\r][\n]"
2017-03-01 15:50:19.993 [main] DEBUG org.apache.http.wire - http-outgoing-0 << "001[\r][\n]"
2017-03-01 15:50:19.993 [main] DEBUG org.apache.http.wire - http-outgoing-0 << "R[\r][\n]"
2017-03-01 15:50:19.993 [main] DEBUG org.apache.http.wire - http-outgoing-0 << "69[\r][\n]"
2017-03-01 15:50:19.994 [main] DEBUG org.apache.http.wire - http-outgoing-0 << "PPPJ-*[0xca]/[0x8a][0xcf]M-.NLOUR[0xb0]RP[\n]"
2017-03-01 15:50:19.994 [main] DEBUG org.apache.http.wire - http-outgoing-0 << "[0xc9]HU(([0xca]/[0xcb]LIMQp[0xc][0xf0]T[0xc8]N[0xad]T[0xc8],V[0xc8][0xcc]+K[0xcc][0xc9]L[0xd1]S[0xd2][0x1]k,J-.[0xcd]))[0x6]i[0x89][0x8e][0x85][0x8][0x15][0x97]$[0x96][0x94][0x82]E[0x94][0x82]\[0x3]C][0x83]C[0xe2]]\[0xfd]<]][0x94][0xb8]j[0xb9][0x0]-[0xdc][0xf7]Zo[0x0][0x0][0x0][\r][\n]"
2017-03-01 15:50:19.994 [main] DEBUG org.apache.http.wire - http-outgoing-0 << "0[\r][\n]"
2017-03-01 15:50:19.994 [main] DEBUG org.apache.http.wire - http-outgoing-0 << "[\r][\n]"
2017-03-01 15:50:20.000 [main] DEBUG org.apache.http.headers - http-outgoing-0 << HTTP/1.1 200 OK
2017-03-01 15:50:20.000 [main] DEBUG org.apache.http.headers - http-outgoing-0 << Content-Type: application/json; charset=UTF-8
2017-03-01 15:50:20.001 [main] DEBUG org.apache.http.headers - http-outgoing-0 << Date: Wed, 01 Mar 2017 23:54:28 GMT
2017-03-01 15:50:20.001 [main] DEBUG org.apache.http.headers - http-outgoing-0 << Pragma: no-cache
2017-03-01 15:50:20.001 [main] DEBUG org.apache.http.headers - http-outgoing-0 << Expires: Fri, 01 Jan 1990 00:00:00 GMT
2017-03-01 15:50:20.001 [main] DEBUG org.apache.http.headers - http-outgoing-0 << Cache-Control: no-cache, must-revalidate
2017-03-01 15:50:20.001 [main] DEBUG org.apache.http.headers - http-outgoing-0 << Vary: Accept-Language
2017-03-01 15:50:20.001 [main] DEBUG org.apache.http.headers - http-outgoing-0 << Access-Control-Allow-Origin: *
2017-03-01 15:50:20.001 [main] DEBUG org.apache.http.headers - http-outgoing-0 << Content-Encoding: gzip
2017-03-01 15:50:20.002 [main] DEBUG org.apache.http.headers - http-outgoing-0 << Server: mafe
2017-03-01 15:50:20.002 [main] DEBUG org.apache.http.headers - http-outgoing-0 << X-XSS-Protection: 1; mode=block
2017-03-01 15:50:20.002 [main] DEBUG org.apache.http.headers - http-outgoing-0 << X-Frame-Options: SAMEORIGIN
2017-03-01 15:50:20.002 [main] DEBUG org.apache.http.headers - http-outgoing-0 << Alt-Svc: quic=":443"; ma=2592000; v="36,35,34"
2017-03-01 15:50:20.002 [main] DEBUG org.apache.http.headers - http-outgoing-0 << Transfer-Encoding: chunked
2017-03-01 15:50:20.017 [main] DEBUG org.apache.http.impl.execchain.MainClientExec - Connection can be kept alive indefinitely
2017-03-01 15:50:20.114 [main] DEBUG org.apache.http.impl.conn.DefaultManagedHttpClientConnection - http-outgoing-0: Close connection
2017-03-01 15:50:20.116 [main] DEBUG org.apache.http.impl.execchain.MainClientExec - Connection discarded
2017-03-01 15:50:20.119 [main] DEBUG org.apache.http.impl.conn.PoolingHttpClientConnectionManager - Connection released: [id: 0][route: {s}->https://maps.googleapis.com:443][total kept alive: 0; route allocated: 0 of 2; total allocated: 0 of 20]
2017-03-01 15:50:20.148 [main] INFO  com.informatixinc.calnotify.dao.DatabasePool - =====Stopping DB connection pool======
2017-03-01 15:50:20.171 [main] DEBUG org.apache.http.client.protocol.RequestAddCookies - CookieSpec selected: default
2017-03-01 15:50:20.171 [main] DEBUG org.apache.http.client.protocol.RequestAuthCache - Auth cache not set in the context
2017-03-01 15:50:20.172 [main] DEBUG org.apache.http.impl.conn.PoolingHttpClientConnectionManager - Connection request: [route: {s}->https://maps.googleapis.com:443][total kept alive: 0; route allocated: 0 of 2; total allocated: 0 of 20]
2017-03-01 15:50:20.172 [main] DEBUG org.apache.http.impl.conn.PoolingHttpClientConnectionManager - Connection leased: [id: 1][route: {s}->https://maps.googleapis.com:443][total kept alive: 0; route allocated: 1 of 2; total allocated: 1 of 20]
2017-03-01 15:50:20.173 [main] DEBUG org.apache.http.impl.execchain.MainClientExec - Opening connection {s}->https://maps.googleapis.com:443
2017-03-01 15:50:20.173 [main] DEBUG org.apache.http.impl.conn.DefaultHttpClientConnectionOperator - Connecting to maps.googleapis.com/172.217.6.74:443
2017-03-01 15:50:20.173 [main] DEBUG org.apache.http.conn.ssl.SSLConnectionSocketFactory - Connecting socket to maps.googleapis.com/172.217.6.74:443 with timeout 0
2017-03-01 15:50:20.212 [main] DEBUG org.apache.http.conn.ssl.SSLConnectionSocketFactory - Enabled protocols: [TLSv1, TLSv1.1, TLSv1.2]
2017-03-01 15:50:20.212 [main] DEBUG org.apache.http.conn.ssl.SSLConnectionSocketFactory - Enabled cipher suites:[TLS_ECDHE_ECDSA_WITH_AES_128_CBC_SHA256, TLS_ECDHE_RSA_WITH_AES_128_CBC_SHA256, TLS_RSA_WITH_AES_128_CBC_SHA256, TLS_ECDH_ECDSA_WITH_AES_128_CBC_SHA256, TLS_ECDH_RSA_WITH_AES_128_CBC_SHA256, TLS_DHE_RSA_WITH_AES_128_CBC_SHA256, TLS_DHE_DSS_WITH_AES_128_CBC_SHA256, TLS_ECDHE_ECDSA_WITH_AES_128_CBC_SHA, TLS_ECDHE_RSA_WITH_AES_128_CBC_SHA, TLS_RSA_WITH_AES_128_CBC_SHA, TLS_ECDH_ECDSA_WITH_AES_128_CBC_SHA, TLS_ECDH_RSA_WITH_AES_128_CBC_SHA, TLS_DHE_RSA_WITH_AES_128_CBC_SHA, TLS_DHE_DSS_WITH_AES_128_CBC_SHA, TLS_ECDHE_ECDSA_WITH_AES_128_GCM_SHA256, TLS_ECDHE_RSA_WITH_AES_128_GCM_SHA256, TLS_RSA_WITH_AES_128_GCM_SHA256, TLS_ECDH_ECDSA_WITH_AES_128_GCM_SHA256, TLS_ECDH_RSA_WITH_AES_128_GCM_SHA256, TLS_DHE_RSA_WITH_AES_128_GCM_SHA256, TLS_DHE_DSS_WITH_AES_128_GCM_SHA256, TLS_ECDHE_ECDSA_WITH_3DES_EDE_CBC_SHA, TLS_ECDHE_RSA_WITH_3DES_EDE_CBC_SHA, SSL_RSA_WITH_3DES_EDE_CBC_SHA, TLS_ECDH_ECDSA_WITH_3DES_EDE_CBC_SHA, TLS_ECDH_RSA_WITH_3DES_EDE_CBC_SHA, SSL_DHE_RSA_WITH_3DES_EDE_CBC_SHA, SSL_DHE_DSS_WITH_3DES_EDE_CBC_SHA, TLS_EMPTY_RENEGOTIATION_INFO_SCSV]
2017-03-01 15:50:20.213 [main] DEBUG org.apache.http.conn.ssl.SSLConnectionSocketFactory - Starting handshake
2017-03-01 15:50:20.530 [main] DEBUG org.apache.http.conn.ssl.SSLConnectionSocketFactory - Secure session established
2017-03-01 15:50:20.530 [main] DEBUG org.apache.http.conn.ssl.SSLConnectionSocketFactory -  negotiated protocol: TLSv1.2
2017-03-01 15:50:20.530 [main] DEBUG org.apache.http.conn.ssl.SSLConnectionSocketFactory -  negotiated cipher suite: TLS_ECDHE_RSA_WITH_AES_128_GCM_SHA256
2017-03-01 15:50:20.530 [main] DEBUG org.apache.http.conn.ssl.SSLConnectionSocketFactory -  peer principal: CN=*.googleapis.com, O=Google Inc, L=Mountain View, ST=California, C=US
2017-03-01 15:50:20.530 [main] DEBUG org.apache.http.conn.ssl.SSLConnectionSocketFactory -  peer alternative names: [*.googleapis.com, *.clients6.google.com, *.cloudendpointsapis.com, cloudendpointsapis.com, googleapis.com]
2017-03-01 15:50:20.546 [main] DEBUG org.apache.http.conn.ssl.SSLConnectionSocketFactory -  issuer principal: CN=Google Internet Authority G2, O=Google Inc, C=US
2017-03-01 15:50:20.546 [main] DEBUG org.apache.http.impl.conn.DefaultHttpClientConnectionOperator - Connection established 10.16.6.75:55577<->172.217.6.74:443
2017-03-01 15:50:20.546 [main] DEBUG org.apache.http.impl.execchain.MainClientExec - Executing request GET /maps/api/geocode/json?address=2485+Natomas+Park+Drive,+Sacramento,+CA&key=AIzaSyAyHNUHMEr7DgfTpjQtUDvyb86Ot_kgvFU HTTP/1.1
2017-03-01 15:50:20.546 [main] DEBUG org.apache.http.impl.execchain.MainClientExec - Target auth state: UNCHALLENGED
2017-03-01 15:50:20.546 [main] DEBUG org.apache.http.impl.execchain.MainClientExec - Proxy auth state: UNCHALLENGED
2017-03-01 15:50:20.546 [main] DEBUG org.apache.http.headers - http-outgoing-1 >> GET /maps/api/geocode/json?address=2485+Natomas+Park+Drive,+Sacramento,+CA&key=AIzaSyAyHNUHMEr7DgfTpjQtUDvyb86Ot_kgvFU HTTP/1.1
2017-03-01 15:50:20.546 [main] DEBUG org.apache.http.headers - http-outgoing-1 >> Host: maps.googleapis.com
2017-03-01 15:50:20.546 [main] DEBUG org.apache.http.headers - http-outgoing-1 >> Connection: Keep-Alive
2017-03-01 15:50:20.546 [main] DEBUG org.apache.http.headers - http-outgoing-1 >> User-Agent: Apache-HttpClient/4.5.2 (Java/1.8.0_121)
2017-03-01 15:50:20.546 [main] DEBUG org.apache.http.headers - http-outgoing-1 >> Accept-Encoding: gzip,deflate
2017-03-01 15:50:20.546 [main] DEBUG org.apache.http.wire - http-outgoing-1 >> "GET /maps/api/geocode/json?address=2485+Natomas+Park+Drive,+Sacramento,+CA&key=AIzaSyAyHNUHMEr7DgfTpjQtUDvyb86Ot_kgvFU HTTP/1.1[\r][\n]"
2017-03-01 15:50:20.546 [main] DEBUG org.apache.http.wire - http-outgoing-1 >> "Host: maps.googleapis.com[\r][\n]"
2017-03-01 15:50:20.546 [main] DEBUG org.apache.http.wire - http-outgoing-1 >> "Connection: Keep-Alive[\r][\n]"
2017-03-01 15:50:20.546 [main] DEBUG org.apache.http.wire - http-outgoing-1 >> "User-Agent: Apache-HttpClient/4.5.2 (Java/1.8.0_121)[\r][\n]"
2017-03-01 15:50:20.546 [main] DEBUG org.apache.http.wire - http-outgoing-1 >> "Accept-Encoding: gzip,deflate[\r][\n]"
2017-03-01 15:50:20.546 [main] DEBUG org.apache.http.wire - http-outgoing-1 >> "[\r][\n]"
2017-03-01 15:50:21.100 [main] DEBUG org.apache.http.wire - http-outgoing-1 << "HTTP/1.1 200 OK[\r][\n]"
2017-03-01 15:50:21.100 [main] DEBUG org.apache.http.wire - http-outgoing-1 << "Content-Type: application/json; charset=UTF-8[\r][\n]"
2017-03-01 15:50:21.100 [main] DEBUG org.apache.http.wire - http-outgoing-1 << "Date: Wed, 01 Mar 2017 23:54:29 GMT[\r][\n]"
2017-03-01 15:50:21.100 [main] DEBUG org.apache.http.wire - http-outgoing-1 << "Expires: Thu, 02 Mar 2017 23:54:29 GMT[\r][\n]"
2017-03-01 15:50:21.100 [main] DEBUG org.apache.http.wire - http-outgoing-1 << "Cache-Control: public, max-age=86400[\r][\n]"
2017-03-01 15:50:21.100 [main] DEBUG org.apache.http.wire - http-outgoing-1 << "Vary: Accept-Language[\r][\n]"
2017-03-01 15:50:21.100 [main] DEBUG org.apache.http.wire - http-outgoing-1 << "Access-Control-Allow-Origin: *[\r][\n]"
2017-03-01 15:50:21.100 [main] DEBUG org.apache.http.wire - http-outgoing-1 << "Content-Encoding: gzip[\r][\n]"
2017-03-01 15:50:21.100 [main] DEBUG org.apache.http.wire - http-outgoing-1 << "Server: mafe[\r][\n]"
2017-03-01 15:50:21.100 [main] DEBUG org.apache.http.wire - http-outgoing-1 << "Content-Length: 546[\r][\n]"
2017-03-01 15:50:21.100 [main] DEBUG org.apache.http.wire - http-outgoing-1 << "X-XSS-Protection: 1; mode=block[\r][\n]"
2017-03-01 15:50:21.100 [main] DEBUG org.apache.http.wire - http-outgoing-1 << "X-Frame-Options: SAMEORIGIN[\r][\n]"
2017-03-01 15:50:21.100 [main] DEBUG org.apache.http.wire - http-outgoing-1 << "Alt-Svc: quic=":443"; ma=2592000; v="36,35,34"[\r][\n]"
2017-03-01 15:50:21.100 [main] DEBUG org.apache.http.wire - http-outgoing-1 << "[\r][\n]"
2017-03-01 15:50:21.100 [main] DEBUG org.apache.http.wire - http-outgoing-1 << "[0x1f][0x8b][0x8][0x0][0x0][0x0][0x0][0x0][0x2][0xff][0xb5][0x95]]o[0x9b]0[0x14][0x86][0xef][0xf3]+,_[0xd3][\n]"
2017-03-01 15:50:21.100 [main] DEBUG org.apache.http.wire - http-outgoing-1 << "[0xf3]Q[0xa0]wQ[0xa6]i[0x1f]RR5K7m[0xaa][0x90][0xb]^[0xb0]fldL[0xaa][0xaa][0xca][0x9f][\r]Y[\n]"
2017-03-01 15:50:21.115 [main] DEBUG org.apache.http.wire - http-outgoing-1 << "![0x19]t[0xcd]r[0x13][0x85][0xf3][0x1e][0x9f][0xe7][0x1c][0xbf][0x9c]<O[0x0][0x0]P[0x92][0xb2]b[0xaa][0x84][0xe0][0x1a][0xfc]0[0xf][0xf4][0xe7]y[0xf7]m[0xc2]8M[0xb5][0xa2][0x8c][0x13][0x91][0x17][0x82][0x13][0xde]U[0xf6][0xf4][0xbb],&[0xf8]:[0xe6]8'F[0xc][0x1d]/[0xf4][0xa1][0xd5][0x13][0x95][0x99][0x90]jP[0xa5][0x9e][\n]"
2017-03-01 15:50:21.115 [main] DEBUG org.apache.http.wire - http-outgoing-1 << "[0xd2][0xd4][0xd4][0x19]J[0x12][0xa2]S[0xaa][0xfc][0x81]H[0x8][0xee];[0xe2][0xad][0xf5]*[0xa8]9V"[0xc7]%[0xb8][0xc1][0xf2][0x17]x'[0xe9][0x86][0xc]#[0x1e][0xe4][0xc][0xd0]JQ)[0xf2]VJ]?[0x3]K[0x9c]H[0xfd][0x84]+1[0x82]q8[0xa3][\r][0xc9][0x9]]g[0xf]BfB[0xa4][0xd0][0x2][0xb0][0x10][0x8c]*[0x9a]`[0xf6]F[0xf0][0xd7] [0x8f][0x86]eB[0x83]Q[0xf5][0xf4]@[0xc1]LT[0xdc][0x1c]>[0x9e][0xf7]tJ[0x1b][0x1b][0xa7]9[0xe5]T[0x9b][0x17]+m[0xb3][0x18]K[0x82]cF6[0x84][0xc5][0xce]9;[0x99][0xe9][0xd9][0xfc][0x14][0x92]S<[0xdc][0xc2]l[0xfa][0xcf][0xcc][0xe8][0x9c][0xcc]+N[0x15]I[0xc1]Ra[0xa5]K[0xf]b[0xaf][0x96][0x3][0xd8][0x89][0xb9][0xf]yV[0x83]D~[0xe8][0xba][0xc3]h[0xa7]dm[0xba]B[0x94][\n]"
2017-03-01 15:50:21.115 [main] DEBUG org.apache.http.wire - http-outgoing-1 << "3[0xbd]K[0xd3][0xfe]^x[0xf9]u[0xdf]:[0x4][0xea][0xb][0xcd][0xb1][0xd2]3[0x8a]w[0x9b]x[0xbf]+[0xc1][0xc1]6[0xb2]Z/[0xbd][0x5]fSP[0x13]Y`[0xb5][0xec][0xdc]5\[0x13][0x91][0x13]3#}P[0xb7][0xf7][0xfa][0xfd]RT[0xf0]~[0xa8][0x8e]be[0x2]nxyeG[0xc8][0xb3][0xbd]~[0xb3][0x8c][0xaf][0x8d][0xe4][0x2]9[0xe8][0xd2][0xb7][0xaf][0x2][0xdb][0x89][0xfe]6[0xfa]}[0xc1][0xd8]L[0xa9][0xee][0xec]v[0xb1]x[0xff]eqs0H[0xb8][0xa1][0xe4][0xb1][0xd0][0xf3]>N[0xc6][0xcd][0xce]#[0xb8]<[0x1e]>`G[0xb6][0x17]Fn[0xa8][0xd1][0x90][0xdf][0xeb][0xa0][0xdf][0x84][0xef][0xfa]n[0x84][0xa2][0xc0][0xe][0xfd]C[0xf1][0xf6][0x88])[0xf4][0xce][0xcf][0x1e][0xc9]8[0x12];[0x8][0xf4][0x1c][0x9b][0xb3][0xd1][0x8][0x94][0xd0][0xf6]Q[0xd8][0x80][0xf7]PN[0x99][0xa9][0xcd][0x8][0xb][0x86][0x13][0x12][0xd3][0xb4]Y[0x1][0xd9][0xc7]Ow[0xde][0xc6][0xf9]p[0x11]|[0xcd][0xc5][0xf4]v[0xfe][0xfd][0xce][0x9f][0xab]R[0xe4]&[0x1d][0xbf][0x1c][0xf9][0x3][0xde][[0xf1][0x8f][0x87][0xeb][0x82][0x8d]o[0xb5][0x6][0xab][0xaa][0xb1][0xe9][0xe2]3[0x9c]l'[0xbf][0x1][0xef][0xf6][0xee]]h[0x8][0x0][0x0]"
2017-03-01 15:50:21.115 [main] DEBUG org.apache.http.headers - http-outgoing-1 << HTTP/1.1 200 OK
2017-03-01 15:50:21.115 [main] DEBUG org.apache.http.headers - http-outgoing-1 << Content-Type: application/json; charset=UTF-8
2017-03-01 15:50:21.115 [main] DEBUG org.apache.http.headers - http-outgoing-1 << Date: Wed, 01 Mar 2017 23:54:29 GMT
2017-03-01 15:50:21.115 [main] DEBUG org.apache.http.headers - http-outgoing-1 << Expires: Thu, 02 Mar 2017 23:54:29 GMT
2017-03-01 15:50:21.117 [main] DEBUG org.apache.http.headers - http-outgoing-1 << Cache-Control: public, max-age=86400
2017-03-01 15:50:21.117 [main] DEBUG org.apache.http.headers - http-outgoing-1 << Vary: Accept-Language
2017-03-01 15:50:21.117 [main] DEBUG org.apache.http.headers - http-outgoing-1 << Access-Control-Allow-Origin: *
2017-03-01 15:50:21.118 [main] DEBUG org.apache.http.headers - http-outgoing-1 << Content-Encoding: gzip
2017-03-01 15:50:21.118 [main] DEBUG org.apache.http.headers - http-outgoing-1 << Server: mafe
2017-03-01 15:50:21.118 [main] DEBUG org.apache.http.headers - http-outgoing-1 << Content-Length: 546
2017-03-01 15:50:21.118 [main] DEBUG org.apache.http.headers - http-outgoing-1 << X-XSS-Protection: 1; mode=block
2017-03-01 15:50:21.118 [main] DEBUG org.apache.http.headers - http-outgoing-1 << X-Frame-Options: SAMEORIGIN
